<?xml version="1.0" encoding="UTF-8"?>
<!-- Generated by org.testng.reporters.JUnitReportReporter -->
<testsuite hostname="home-lenovo" failures="0" tests="7" name="com.example.ReactAppSeleniumTest" time="1.657" errors="0" timestamp="18 Feb 2024 14:39:43 GMT" skipped="0">
  <testcase classname="com.example.ReactAppSeleniumTest" name="testDropdown" time="0.040"/>
  <testcase classname="com.example.ReactAppSeleniumTest" name="testSecondParaText2" time="0.032"/>
  <testcase classname="com.example.ReactAppSeleniumTest" name="testSecondParaText" time="0.027"/>
  <testcase classname="com.example.ReactAppSeleniumTest" name="testTitle" time="0.005"/>
  <testcase classname="com.example.ReactAppSeleniumTest" name="testSecondButtonText" time="0.030"/>
  <testcase classname="com.example.ReactAppSeleniumTest" name="testCheckBoxStake" time="0.567"/>
  <testcase classname="com.example.ReactAppSeleniumTest" name="testDropdownSelect" time="0.956"/>
</testsuite> <!-- com.example.ReactAppSeleniumTest -->
